<?xml version="1.0" encoding="UTF-8"?>
<!-- Generated by org.testng.reporters.JUnitReportReporter -->
<testsuite hostname="QT-INHD-LT0401" failures="0" tests="1" name="by.SeleniumGrid.SeleniumGridDemo" time="5.678" errors="0" timestamp="2022-11-24T18:23:25 IST" skipped="0">
  <testcase classname="by.SeleniumGrid.SeleniumGridDemo" name="test1" time="5.678"/>
  <system-out/>
</testsuite> <!-- by.SeleniumGrid.SeleniumGridDemo -->
