<?xml version="1.0" encoding="UTF-8"?>
<!-- Generated by org.testng.reporters.JUnitReportReporter -->
<testsuite hostname="QT-INHD-LT0401" failures="0" tests="1" name="GridTcases.GridDemoTCases" time="5.591" errors="0" timestamp="2022-11-24T23:17:38 IST" skipped="0">
  <testcase classname="GridTcases.GridDemoTCases" name="test1" time="5.591"/>
  <system-out/>
</testsuite> <!-- GridTcases.GridDemoTCases -->
