<?xml version="1.0" encoding="UTF-8"?>
<!-- Generated by org.testng.reporters.JUnitReportReporter -->
<testsuite hostname="QT-INHD-LT0401" failures="0" tests="1" name="TestCases.TestCasesForAmazon" time="11.167" errors="0" timestamp="2022-11-23T08:54:46 IST" skipped="0">
  <testcase classname="TestCases.TestCasesForAmazon" name="checkValidUser" time="11.167"/>
  <system-out/>
</testsuite> <!-- TestCases.TestCasesForAmazon -->
