<?xml version="1.0" encoding="UTF-8"?>
<!-- Generated by org.testng.reporters.JUnitReportReporter -->
<testsuite hostname="QT-INHD-LT0401" failures="0" tests="7" name="TestCases.AmazonAppTestCases" time="31.927" errors="0" timestamp="2022-11-23T22:24:14 IST" skipped="0">
  <testcase classname="TestCases.AmazonAppTestCases" name="setBrowserrr" time="11.450"/>
  <system-out/>
  <testcase classname="TestCases.AmazonAppTestCases" name="testdriver1" time="0.005"/>
  <system-out/>
  <testcase classname="TestCases.AmazonAppTestCases" name="verifyLoginPage" time="1.393"/>
  <system-out/>
  <testcase classname="TestCases.AmazonAppTestCases" name="verifyHomePage" time="4.037"/>
  <system-out/>
  <testcase classname="TestCases.AmazonAppTestCases" name="selectitem" time="0.172"/>
  <system-out/>
  <testcase classname="TestCases.AmazonAppTestCases" name="addcart" time="10.358"/>
  <system-out/>
  <testcase classname="TestCases.AmazonAppTestCases" name="proceedtoBuy" time="4.512"/>
  <system-out/>
</testsuite> <!-- TestCases.AmazonAppTestCases -->
