<?xml version="1.0" encoding="UTF-8"?>
<!-- Generated by org.testng.reporters.JUnitReportReporter -->
<testsuite hostname="QT-INHD-LT0401" failures="0" tests="3" name="TestScenarios.TestMethods_GoogleSearch1" time="4.775" errors="0" timestamp="2022-11-21T12:54:05 IST" skipped="0">
  <testcase classname="TestScenarios.TestMethods_GoogleSearch1" name="SearchOperation" time="3.549"/>
  <system-out/>
  <testcase classname="TestScenarios.TestMethods_GoogleSearch1" name="accessFacebookLink" time="0.070"/>
  <system-out/>
  <testcase classname="TestScenarios.TestMethods_GoogleSearch1" name="verifyFbLogin" time="1.156"/>
  <system-out/>
</testsuite> <!-- TestScenarios.TestMethods_GoogleSearch1 -->
